2018-01-14 11:04:20,357 [1] INFO TradeLogServer.WebApiApplication - Application Start
2018-01-14 11:04:23,344 [6] DEBUG TradeLogServer.Models.ApplicationDbContext - Opened connection at 14/01/2018 11:04:23 -02:00

2018-01-14 11:04:24,153 [6] DEBUG TradeLogServer.Models.ApplicationDbContext - SELECT
`GroupBy1`.`A1` AS `C1`
FROM (SELECT
COUNT(1) AS `A1`
FROM `__MigrationHistory` AS `Extent1`
 WHERE `Extent1`.`ContextKey` = @p__linq__0) AS `GroupBy1`
2018-01-14 11:04:24,154 [6] DEBUG TradeLogServer.Models.ApplicationDbContext - 

2018-01-14 11:04:24,156 [6] DEBUG TradeLogServer.Models.ApplicationDbContext - -- p__linq__0: 'TradeLogServer.Models.ApplicationDbContext' (Type = String, Size = 42)

2018-01-14 11:04:24,156 [6] DEBUG TradeLogServer.Models.ApplicationDbContext - -- Executing at 14/01/2018 11:04:24 -02:00

2018-01-14 11:04:24,163 [6] DEBUG TradeLogServer.Models.ApplicationDbContext - -- Failed in 5 ms with error: Table 'tradelog.__migrationhistory' doesn't exist

2018-01-14 11:04:24,163 [6] DEBUG TradeLogServer.Models.ApplicationDbContext - 

2018-01-14 11:04:24,166 [6] DEBUG TradeLogServer.Models.ApplicationDbContext - Closed connection at 14/01/2018 11:04:24 -02:00

2018-01-14 11:04:24,167 [6] DEBUG TradeLogServer.Models.ApplicationDbContext - Opened connection at 14/01/2018 11:04:24 -02:00

2018-01-14 11:04:24,168 [6] DEBUG TradeLogServer.Models.ApplicationDbContext - SELECT
`GroupBy1`.`A1` AS `C1`
FROM (SELECT
COUNT(1) AS `A1`
FROM `__MigrationHistory` AS `Extent1`) AS `GroupBy1`
2018-01-14 11:04:24,168 [6] DEBUG TradeLogServer.Models.ApplicationDbContext - 

2018-01-14 11:04:24,169 [6] DEBUG TradeLogServer.Models.ApplicationDbContext - -- Executing at 14/01/2018 11:04:24 -02:00

2018-01-14 11:04:24,169 [6] DEBUG TradeLogServer.Models.ApplicationDbContext - -- Failed in 0 ms with error: Table 'tradelog.__migrationhistory' doesn't exist

2018-01-14 11:04:24,170 [6] DEBUG TradeLogServer.Models.ApplicationDbContext - 

2018-01-14 11:04:24,170 [6] DEBUG TradeLogServer.Models.ApplicationDbContext - Closed connection at 14/01/2018 11:04:24 -02:00

2018-01-14 11:04:24,480 [6] DEBUG TradeLogServer.Models.ApplicationDbContext - Opened connection at 14/01/2018 11:04:24 -02:00

2018-01-14 11:04:24,538 [6] DEBUG TradeLogServer.Models.ApplicationDbContext - SELECT
`Extent1`.`IdPosicao`, 
`Extent1`.`IdPapel`, 
`Extent1`.`IdUsuario`, 
`Extent1`.`IdCarteira`, 
`Extent1`.`PrecoEntrada`, 
`Extent1`.`ValorEntrada`, 
`Extent1`.`PrecoSaida`, 
`Extent1`.`Quantidade`, 
`Extent1`.`PrecoStop`, 
`Extent1`.`DataEntrada`, 
`Extent1`.`DataSaida`
FROM `Posicao` AS `Extent1`
 WHERE (`Extent1`.`IdCarteira` = @p__linq__0) AND (`Extent1`.`IdUsuario` = @p__linq__1)
2018-01-14 11:04:24,538 [6] DEBUG TradeLogServer.Models.ApplicationDbContext - 

2018-01-14 11:04:24,538 [6] DEBUG TradeLogServer.Models.ApplicationDbContext - -- p__linq__0: '1' (Type = Int32, IsNullable = false)

2018-01-14 11:04:24,538 [6] DEBUG TradeLogServer.Models.ApplicationDbContext - -- p__linq__1: '1' (Type = Int32, IsNullable = false)

2018-01-14 11:04:24,538 [6] DEBUG TradeLogServer.Models.ApplicationDbContext - -- Executing at 14/01/2018 11:04:24 -02:00

2018-01-14 11:04:24,540 [6] DEBUG TradeLogServer.Models.ApplicationDbContext - -- Completed in 1 ms with result: EFMySqlDataReader

2018-01-14 11:04:24,540 [6] DEBUG TradeLogServer.Models.ApplicationDbContext - 

