0 info it worked if it ends with ok
1 verbose cli [ 'D:\\Programas\\nodejs\\node.exe',
1 verbose cli   'D:\\Programas\\nodejs\\node_modules\\npm\\bin\\npm-cli.js',
1 verbose cli   'start' ]
2 info using npm@3.10.10
3 info using node@v6.10.3
4 verbose run-script [ 'prestart', 'start', 'poststart' ]
5 info lifecycle tradelog@1.0.0~prestart: tradelog@1.0.0
6 silly lifecycle tradelog@1.0.0~prestart: no script for prestart, continuing
7 info lifecycle tradelog@1.0.0~start: tradelog@1.0.0
8 verbose lifecycle tradelog@1.0.0~start: unsafe-perm in lifecycle true
9 verbose lifecycle tradelog@1.0.0~start: PATH: D:\Programas\nodejs\node_modules\npm\bin\node-gyp-bin;F:\Java\repositorios\github\TradeLog4\TradeLog\node_modules\.bin;C:\ProgramData\Oracle\Java\javapath;C:\Program Files (x86)\Intel\iCLS Client\;C:\Program Files\Intel\iCLS Client\;C:\WINDOWS\system32;C:\WINDOWS;C:\WINDOWS\System32\Wbem;C:\WINDOWS\System32\WindowsPowerShell\v1.0\;D:\programas\ATI Technologies\ATI.ACE\Core-Static;e:\programas\Gource\cmd;C:\Program Files\Intel\Intel(R) Management Engine Components\DAL;C:\Program Files\Intel\Intel(R) Management Engine Components\IPT;C:\Program Files (x86)\Intel\Intel(R) Management Engine Components\DAL;C:\Program Files (x86)\Intel\Intel(R) Management Engine Components\IPT;C:\Program Files\Common Files\Autodesk Shared\;C:\Program Files (x86)\Autodesk\Backburner\;d:\programas\AMD\ATI.ACE\Core-Static;C:\Program Files (x86)\ATI Technologies\ATI.ACE\Core-Static;C:\Program Files (x86)\GtkSharp\2.12\bin;C:\Program Files (x86)\NVIDIA Corporation\PhysX\Common;D:\programas\nodejs\;C:\WINDOWS\system32;C:\WINDOWS;C:\WINDOWS\System32\Wbem;C:\WINDOWS\System32\WindowsPowerShell\v1.0\;C:\Program Files\Microsoft SQL Server\130\Tools\Binn\;C:\Program Files\dotnet\;F:\Java\SDK\jdk1.7.0_25\bin;I:\csvn\bin;F:\Java\tools\apache-ant-1.9.4\bin;F:\Java\Android\android-sdk\platform-tools;F:\Java\tools\gradle-2.2\bin;F:\Java\Android\android-sdk\tools;d:\programas\git\bin;C:\Users\cristiano\AppData\Local\Microsoft\WindowsApps;;d:\programas\Microsoft VS Code\bin;C:\Users\cristiano\AppData\Roaming\npm
10 verbose lifecycle tradelog@1.0.0~start: CWD: F:\Java\repositorios\github\TradeLog4\TradeLog
11 silly lifecycle tradelog@1.0.0~start: Args: [ '/d /s /c',
11 silly lifecycle   'concurrently "npm run build:watch" "npm run serve"' ]
12 silly lifecycle tradelog@1.0.0~start: Returned: code: 1  signal: null
13 info lifecycle tradelog@1.0.0~start: Failed to exec start script
14 verbose stack Error: tradelog@1.0.0 start: `concurrently "npm run build:watch" "npm run serve"`
14 verbose stack Exit status 1
14 verbose stack     at EventEmitter.<anonymous> (D:\Programas\nodejs\node_modules\npm\lib\utils\lifecycle.js:255:16)
14 verbose stack     at emitTwo (events.js:106:13)
14 verbose stack     at EventEmitter.emit (events.js:191:7)
14 verbose stack     at ChildProcess.<anonymous> (D:\Programas\nodejs\node_modules\npm\lib\utils\spawn.js:40:14)
14 verbose stack     at emitTwo (events.js:106:13)
14 verbose stack     at ChildProcess.emit (events.js:191:7)
14 verbose stack     at maybeClose (internal/child_process.js:886:16)
14 verbose stack     at Process.ChildProcess._handle.onexit (internal/child_process.js:226:5)
15 verbose pkgid tradelog@1.0.0
16 verbose cwd F:\Java\repositorios\github\TradeLog4\TradeLog
17 error Windows_NT 10.0.16299
18 error argv "D:\\Programas\\nodejs\\node.exe" "D:\\Programas\\nodejs\\node_modules\\npm\\bin\\npm-cli.js" "start"
19 error node v6.10.3
20 error npm  v3.10.10
21 error code ELIFECYCLE
22 error tradelog@1.0.0 start: `concurrently "npm run build:watch" "npm run serve"`
22 error Exit status 1
23 error Failed at the tradelog@1.0.0 start script 'concurrently "npm run build:watch" "npm run serve"'.
23 error Make sure you have the latest version of node.js and npm installed.
23 error If you do, this is most likely a problem with the tradelog package,
23 error not with npm itself.
23 error Tell the author that this fails on your system:
23 error     concurrently "npm run build:watch" "npm run serve"
23 error You can get information on how to open an issue for this project with:
23 error     npm bugs tradelog
23 error Or if that isn't available, you can get their info via:
23 error     npm owner ls tradelog
23 error There is likely additional logging output above.
24 verbose exit [ 1, true ]
